  Component.cpp
  FoodScript.cpp
c:\users\was56\desktop\몬스터 월드 과제\screen\screen\utils.h(94): warning C4018: '<': signed 또는 unsigned가 일치하지 않습니다.
c:\users\was56\desktop\몬스터 월드 과제\screen\screen\foodscript.cpp(26): warning C4244: '인수': 'int'에서 'float'(으)로 변환하면서 데이터가 손실될 수 있습니다.
  GameEngine.cpp
c:\users\was56\desktop\몬스터 월드 과제\screen\screen\utils.h(94): warning C4018: '<': signed 또는 unsigned가 일치하지 않습니다.
  GameObject.cpp
c:\users\was56\desktop\몬스터 월드 과제\screen\screen\utils.h(94): warning C4018: '<': signed 또는 unsigned가 일치하지 않습니다.
  main.cpp
c:\users\was56\desktop\몬스터 월드 과제\screen\screen\utils.h(94): warning C4018: '<': signed 또는 unsigned가 일치하지 않습니다.
  MapScript.cpp
c:\users\was56\desktop\몬스터 월드 과제\screen\screen\utils.h(94): warning C4018: '<': signed 또는 unsigned가 일치하지 않습니다.
  MonsterScript.cpp
c:\users\was56\desktop\몬스터 월드 과제\screen\screen\utils.h(94): warning C4018: '<': signed 또는 unsigned가 일치하지 않습니다.
c:\users\was56\desktop\몬스터 월드 과제\screen\screen\monsterscript.cpp(25): warning C4244: '인수': 'int'에서 'float'(으)로 변환하면서 데이터가 손실될 수 있습니다.
  MyScript.cpp
  Transform.cpp
c:\users\was56\desktop\몬스터 월드 과제\screen\screen\utils.h(94): warning C4018: '<': signed 또는 unsigned가 일치하지 않습니다.
  Utils.cpp
c:\users\was56\desktop\몬스터 월드 과제\screen\screen\utils.h(94): warning C4018: '<': signed 또는 unsigned가 일치하지 않습니다.
  코드를 생성하고 있습니다...
  Screen.vcxproj -> C:\Users\was56\Desktop\몬스터 월드 과제\Screen\x64\Debug\Screen.exe
